-------------------------------------------------------------------------------
Test set: RdveikalsTest
-------------------------------------------------------------------------------
Tests run: 3, Failures: 1, Errors: 0, Skipped: 0, Time elapsed: 78.808 sec <<< FAILURE! - in RdveikalsTest
addAndRemoveProductsTest(RdveikalsTest)  Time elapsed: 21.002 sec  <<< FAILURE!
java.lang.AssertionError: expected:<1517.97> but was:<505.99>
	at RdveikalsTest.addAndRemoveProductsTest(RdveikalsTest.java:53)

