<?xml version="1.0" encoding="UTF-8"?>
<testsuite xmlns:xsi="http://www.w3.org/2001/XMLSchema-instance" xsi:noNamespaceSchemaLocation="https://maven.apache.org/surefire/maven-surefire-plugin/xsd/surefire-test-report.xsd" name="RdveikalsTest" time="140.899" tests="3" errors="0" skipped="0" failures="0">
  <properties>
[...]
</properties>
  <testcase name="testOpenProductsAndCheckHistory" classname="RdveikalsTest" time="18.17"/>
  <testcase name="testAddProductsToCart" classname="RdveikalsTest" time="57.912"/>
  <testcase name="testAddAndRemoveProducts" classname="RdveikalsTest" time="52.921"/>
</testsuite>